<?xml version="1.0" encoding="UTF-8"?>
<testsuites name="US-012: OTAå¹³å°å®Œæ•´é›†æˆæµ‹è¯•2" tests="30" time="9.813">
  <testsuite name="æµç¨‹ä¸€: é¢„è®¢æ¿€æ´» â†’ ç”Ÿæˆè®¢å• / 1.0 æŸ¥è¯¢äº§å“ç›®å½• ðŸ“¦" id="c6507493-ea68-46b0-bad6-68ec352972e2" timestamp="2025-11-08T16:50:41.650Z" tests="3" failures="3" errors="1" time="0.017">
    <system-err><![CDATA[Iteration: 0

---
testScriptError: Unexpected token '<' at 1:1
<!DOCTYPE html>
^
---
]]></system-err>
    <testcase name="çŠ¶æ€ç æ˜¯200" time="0.017" classname="10">
      <failure type="AssertionFailure" message="expected response to have status code 200 but got 404">
        <![CDATA[Failed 1 times.]]>
        <![CDATA[Collection JSON ID: 65dffd4c-7429-49ae-b164-c59ae78ba09c.]]>
        <![CDATA[Collection name: US-012: OTAå¹³å°å®Œæ•´é›†æˆæµ‹è¯•2.]]>
        <![CDATA[Request name: æµç¨‹ä¸€: é¢„è®¢æ¿€æ´» â†’ ç”Ÿæˆè®¢å• / 1.0 æŸ¥è¯¢äº§å“ç›®å½• ðŸ“¦.]]>
        <![CDATA[Test description: çŠ¶æ€ç æ˜¯200.]]>
        <![CDATA[Error message: expected response to have status code 200 but got 404.]]>
        <![CDATA[Stacktrace: AssertionError: expected response to have status code 200 but got 404
   at Object.eval sandbox-script.js:1:1).]]>
      </failure>
    </testcase>
    <testcase name="è¿”å›žäº§å“åˆ—è¡¨" time="0.017" classname="10">
      <failure type="AssertionFailure" message="Unexpected token '&lt;' at 1:1&#xA;&lt;!DOCTYPE html>&#xA;^">
        <![CDATA[Failed 1 times.]]>
        <![CDATA[Collection JSON ID: 65dffd4c-7429-49ae-b164-c59ae78ba09c.]]>
        <![CDATA[Collection name: US-012: OTAå¹³å°å®Œæ•´é›†æˆæµ‹è¯•2.]]>
        <![CDATA[Request name: æµç¨‹ä¸€: é¢„è®¢æ¿€æ´» â†’ ç”Ÿæˆè®¢å• / 1.0 æŸ¥è¯¢äº§å“ç›®å½• ðŸ“¦.]]>
        <![CDATA[Test description: è¿”å›žäº§å“åˆ—è¡¨.]]>
        <![CDATA[Error message: Unexpected token '<' at 1:1
<!DOCTYPE html>
^.]]>
        <![CDATA[Stacktrace: JSONError: Unexpected token '<' at 1:1
<!DOCTYPE html>
^
   at Object.eval sandbox-script.js:2:1).]]>
      </failure>
    </testcase>
    <testcase name="äº§å“åŒ…å«å®Œæ•´ä¿¡æ¯" time="0.017" classname="10">
      <failure type="AssertionFailure" message="Unexpected token '&lt;' at 1:1&#xA;&lt;!DOCTYPE html>&#xA;^">
        <![CDATA[Failed 1 times.]]>
        <![CDATA[Collection JSON ID: 65dffd4c-7429-49ae-b164-c59ae78ba09c.]]>
        <![CDATA[Collection name: US-012: OTAå¹³å°å®Œæ•´é›†æˆæµ‹è¯•2.]]>
        <![CDATA[Request name: æµç¨‹ä¸€: é¢„è®¢æ¿€æ´» â†’ ç”Ÿæˆè®¢å• / 1.0 æŸ¥è¯¢äº§å“ç›®å½• ðŸ“¦.]]>
        <![CDATA[Test description: äº§å“åŒ…å«å®Œæ•´ä¿¡æ¯.]]>
        <![CDATA[Error message: Unexpected token '<' at 1:1
<!DOCTYPE html>
^.]]>
        <![CDATA[Stacktrace: JSONError: Unexpected token '<' at 1:1
<!DOCTYPE html>
^
   at Object.eval sandbox-script.js:3:1).]]>
      </failure>
    </testcase>
  </testsuite>
  <testsuite name="æµç¨‹ä¸€: é¢„è®¢æ¿€æ´» â†’ ç”Ÿæˆè®¢å• / 1.1 æŸ¥è¯¢OTAåº“å­˜" id="d56f4b6a-e2dd-4d97-9c09-3a3e3e9322dc" timestamp="2025-11-08T16:50:41.650Z" tests="2" failures="0" errors="0" time="0.045">
    <testcase name="çŠ¶æ€ç æ˜¯200" time="0.045" classname="11ota"/>
    <testcase name="è¿”å›žåº“å­˜æ•°æ®" time="0.045" classname="11ota"/>
  </testsuite>
  <testsuite name="æµç¨‹ä¸€: é¢„è®¢æ¿€æ´» â†’ ç”Ÿæˆè®¢å• / 1.2 åˆ›å»ºé¢„è®¢" id="081065cf-2151-4df4-8f56-8d0bc023dd74" timestamp="2025-11-08T16:50:41.650Z" tests="2" failures="0" errors="0" time="0.427">
    <testcase name="çŠ¶æ€ç æ˜¯201" time="0.427" classname="12"/>
    <testcase name="è¿”å›žé¢„è®¢ID" time="0.427" classname="12"/>
  </testsuite>
  <testsuite name="æµç¨‹ä¸€: é¢„è®¢æ¿€æ´» â†’ ç”Ÿæˆè®¢å• / 1.3 æŸ¥è¯¢é¢„è®¢è¯¦æƒ…" id="d97efa20-f53d-45bb-85b6-08ed84bc1b56" timestamp="2025-11-08T16:50:41.650Z" tests="2" failures="0" errors="0" time="0.087">
    <testcase name="çŠ¶æ€ç æ˜¯200" time="0.087" classname="13"/>
    <testcase name="é¢„è®¢çŠ¶æ€ä¸ºactive" time="0.087" classname="13"/>
  </testsuite>
  <testsuite name="æµç¨‹ä¸€: é¢„è®¢æ¿€æ´» â†’ ç”Ÿæˆè®¢å• / 1.4 æ¿€æ´»é¢„è®¢ â†’ ç”Ÿæˆè®¢å•å’Œç¥¨åˆ¸ â­" id="31dde44d-3d6c-4c32-831d-17273f0c2b28" timestamp="2025-11-08T16:50:41.650Z" tests="4" failures="4" errors="1" time="0.002">
    <system-err><![CDATA[Iteration: 0

---
testScriptError: Cannot read properties of undefined (reading 'length')
---
]]></system-err>
    <testcase name="çŠ¶æ€ç æ˜¯201" time="0.002" classname="14">
      <failure type="AssertionFailure" message="expected response to have status code 201 but got 403">
        <![CDATA[Failed 1 times.]]>
        <![CDATA[Collection JSON ID: 65dffd4c-7429-49ae-b164-c59ae78ba09c.]]>
        <![CDATA[Collection name: US-012: OTAå¹³å°å®Œæ•´é›†æˆæµ‹è¯•2.]]>
        <![CDATA[Request name: æµç¨‹ä¸€: é¢„è®¢æ¿€æ´» â†’ ç”Ÿæˆè®¢å• / 1.4 æ¿€æ´»é¢„è®¢ â†’ ç”Ÿæˆè®¢å•å’Œç¥¨åˆ¸ â­.]]>
        <![CDATA[Test description: çŠ¶æ€ç æ˜¯201.]]>
        <![CDATA[Error message: expected response to have status code 201 but got 403.]]>
        <![CDATA[Stacktrace: AssertionError: expected response to have status code 201 but got 403
   at Object.eval sandbox-script.js:1:5).]]>
      </failure>
    </testcase>
    <testcase name="è®¢å•åˆ›å»ºæˆåŠŸ" time="0.002" classname="14">
      <failure type="AssertionFailure" message="expected { â€¦(2) } to have property 'order_id'">
        <![CDATA[Failed 1 times.]]>
        <![CDATA[Collection JSON ID: 65dffd4c-7429-49ae-b164-c59ae78ba09c.]]>
        <![CDATA[Collection name: US-012: OTAå¹³å°å®Œæ•´é›†æˆæµ‹è¯•2.]]>
        <![CDATA[Request name: æµç¨‹ä¸€: é¢„è®¢æ¿€æ´» â†’ ç”Ÿæˆè®¢å• / 1.4 æ¿€æ´»é¢„è®¢ â†’ ç”Ÿæˆè®¢å•å’Œç¥¨åˆ¸ â­.]]>
        <![CDATA[Test description: è®¢å•åˆ›å»ºæˆåŠŸ.]]>
        <![CDATA[Error message: expected { â€¦(2) } to have property 'order_id'.]]>
        <![CDATA[Stacktrace: AssertionError: expected { â€¦(2) } to have property 'order_id'
   at Object.eval sandbox-script.js:2:5).]]>
      </failure>
    </testcase>
    <testcase name="ç”Ÿæˆäº†25å¼ ç¥¨åˆ¸" time="0.002" classname="14">
      <failure type="AssertionFailure" message="Target cannot be null or undefined.">
        <![CDATA[Failed 1 times.]]>
        <![CDATA[Collection JSON ID: 65dffd4c-7429-49ae-b164-c59ae78ba09c.]]>
        <![CDATA[Collection name: US-012: OTAå¹³å°å®Œæ•´é›†æˆæµ‹è¯•2.]]>
        <![CDATA[Request name: æµç¨‹ä¸€: é¢„è®¢æ¿€æ´» â†’ ç”Ÿæˆè®¢å• / 1.4 æ¿€æ´»é¢„è®¢ â†’ ç”Ÿæˆè®¢å•å’Œç¥¨åˆ¸ â­.]]>
        <![CDATA[Test description: ç”Ÿæˆäº†25å¼ ç¥¨åˆ¸.]]>
        <![CDATA[Error message: Target cannot be null or undefined..]]>
        <![CDATA[Stacktrace: AssertionError: Target cannot be null or undefined.
   at Object.eval sandbox-script.js:3:5).]]>
      </failure>
    </testcase>
    <testcase name="ç¥¨åˆ¸åŒ…å«entitlements" time="0.002" classname="14">
      <failure type="AssertionFailure" message="Cannot read properties of undefined (reading '0')">
        <![CDATA[Failed 1 times.]]>
        <![CDATA[Collection JSON ID: 65dffd4c-7429-49ae-b164-c59ae78ba09c.]]>
        <![CDATA[Collection name: US-012: OTAå¹³å°å®Œæ•´é›†æˆæµ‹è¯•2.]]>
        <![CDATA[Request name: æµç¨‹ä¸€: é¢„è®¢æ¿€æ´» â†’ ç”Ÿæˆè®¢å• / 1.4 æ¿€æ´»é¢„è®¢ â†’ ç”Ÿæˆè®¢å•å’Œç¥¨åˆ¸ â­.]]>
        <![CDATA[Test description: ç¥¨åˆ¸åŒ…å«entitlements.]]>
        <![CDATA[Error message: Cannot read properties of undefined (reading '0').]]>
        <![CDATA[Stacktrace: TypeError: Cannot read properties of undefined (reading '0')
   at Object.eval sandbox-script.js:4:5).]]>
      </failure>
    </testcase>
  </testsuite>
  <testsuite name="æµç¨‹ä¸€: é¢„è®¢æ¿€æ´» â†’ ç”Ÿæˆè®¢å• / 1.5 æŸ¥è¯¢è®¢å•åˆ—è¡¨" id="e6942c8c-88ac-480c-b7d5-83d37b822d97" timestamp="2025-11-08T16:50:41.650Z" tests="2" failures="0" errors="0" time="0.047">
    <testcase name="çŠ¶æ€ç æ˜¯200" time="0.047" classname="15"/>
    <testcase name="è¿”å›žè®¢å•åˆ—è¡¨" time="0.047" classname="15"/>
  </testsuite>
  <testsuite name="æµç¨‹ä¸€: é¢„è®¢æ¿€æ´» â†’ ç”Ÿæˆè®¢å• / 1.5.1 æŸ¥è¯¢è®¢å•è¯¦æƒ… ðŸ“‹" id="f53279c5-e082-4bf3-abde-95dd64f52bdd" timestamp="2025-11-08T16:50:41.650Z" tests="3" failures="2" errors="0" time="0.048">
    <testcase name="çŠ¶æ€ç æ˜¯200" time="0.048" classname="151"/>
    <testcase name="è¿”å›žè®¢å•è¯¦æƒ…" time="0.048" classname="151">
      <failure type="AssertionFailure" message="expected { orders: [ { â€¦(8) }, â€¦(36) ], â€¦(1) } to have property 'order_id'">
        <![CDATA[Failed 1 times.]]>
        <![CDATA[Collection JSON ID: 65dffd4c-7429-49ae-b164-c59ae78ba09c.]]>
        <![CDATA[Collection name: US-012: OTAå¹³å°å®Œæ•´é›†æˆæµ‹è¯•2.]]>
        <![CDATA[Request name: æµç¨‹ä¸€: é¢„è®¢æ¿€æ´» â†’ ç”Ÿæˆè®¢å• / 1.5.1 æŸ¥è¯¢è®¢å•è¯¦æƒ… ðŸ“‹.]]>
        <![CDATA[Test description: è¿”å›žè®¢å•è¯¦æƒ….]]>
        <![CDATA[Error message: expected { orders: [ { â€¦(8) }, â€¦(36) ], â€¦(1) } to have property 'order_id'.]]>
        <![CDATA[Stacktrace: AssertionError: expected { orders: [ { â€¦(8) }, â€¦(36) ], â€¦(1) } to have property 'order_id'
   at Object.eval sandbox-script.js:2:7).]]>
      </failure>
    </testcase>
    <testcase name="è®¢å•åŒ…å«é¢„è®¢å…³è”" time="0.048" classname="151">
      <failure type="AssertionFailure" message="expected { orders: [ { â€¦(8) }, â€¦(36) ], â€¦(1) } to have property 'reservation_id'">
        <![CDATA[Failed 1 times.]]>
        <![CDATA[Collection JSON ID: 65dffd4c-7429-49ae-b164-c59ae78ba09c.]]>
        <![CDATA[Collection name: US-012: OTAå¹³å°å®Œæ•´é›†æˆæµ‹è¯•2.]]>
        <![CDATA[Request name: æµç¨‹ä¸€: é¢„è®¢æ¿€æ´» â†’ ç”Ÿæˆè®¢å• / 1.5.1 æŸ¥è¯¢è®¢å•è¯¦æƒ… ðŸ“‹.]]>
        <![CDATA[Test description: è®¢å•åŒ…å«é¢„è®¢å…³è”.]]>
        <![CDATA[Error message: expected { orders: [ { â€¦(8) }, â€¦(36) ], â€¦(1) } to have property 'reservation_id'.]]>
        <![CDATA[Stacktrace: AssertionError: expected { orders: [ { â€¦(8) }, â€¦(36) ], â€¦(1) } to have property 'reservation_id'
   at Object.eval sandbox-script.js:3:7).]]>
      </failure>
    </testcase>
  </testsuite>
  <testsuite name="æµç¨‹ä¸€: é¢„è®¢æ¿€æ´» â†’ ç”Ÿæˆè®¢å• / 1.6 èŽ·å–è®¢å•ç¥¨åˆ¸å’ŒQRç " id="8812b436-d3e7-4f19-a18f-3be3bcfbc93b" timestamp="2025-11-08T16:50:41.650Z" tests="3" failures="3" errors="1" time="0.002">
    <system-err><![CDATA[Iteration: 0

---
testScriptError: Unexpected token '<' at 1:1
<!DOCTYPE html>
^
---
]]></system-err>
    <testcase name="çŠ¶æ€ç æ˜¯200" time="0.002" classname="16qr">
      <failure type="AssertionFailure" message="expected response to have status code 200 but got 404">
        <![CDATA[Failed 1 times.]]>
        <![CDATA[Collection JSON ID: 65dffd4c-7429-49ae-b164-c59ae78ba09c.]]>
        <![CDATA[Collection name: US-012: OTAå¹³å°å®Œæ•´é›†æˆæµ‹è¯•2.]]>
        <![CDATA[Request name: æµç¨‹ä¸€: é¢„è®¢æ¿€æ´» â†’ ç”Ÿæˆè®¢å• / 1.6 èŽ·å–è®¢å•ç¥¨åˆ¸å’ŒQRç .]]>
        <![CDATA[Test description: çŠ¶æ€ç æ˜¯200.]]>
        <![CDATA[Error message: expected response to have status code 200 but got 404.]]>
        <![CDATA[Stacktrace: AssertionError: expected response to have status code 200 but got 404
   at Object.eval sandbox-script.js:1:8).]]>
      </failure>
    </testcase>
    <testcase name="è¿”å›žç¥¨åˆ¸åˆ—è¡¨" time="0.002" classname="16qr">
      <failure type="AssertionFailure" message="Unexpected token '&lt;' at 1:1&#xA;&lt;!DOCTYPE html>&#xA;^">
        <![CDATA[Failed 1 times.]]>
        <![CDATA[Collection JSON ID: 65dffd4c-7429-49ae-b164-c59ae78ba09c.]]>
        <![CDATA[Collection name: US-012: OTAå¹³å°å®Œæ•´é›†æˆæµ‹è¯•2.]]>
        <![CDATA[Request name: æµç¨‹ä¸€: é¢„è®¢æ¿€æ´» â†’ ç”Ÿæˆè®¢å• / 1.6 èŽ·å–è®¢å•ç¥¨åˆ¸å’ŒQRç .]]>
        <![CDATA[Test description: è¿”å›žç¥¨åˆ¸åˆ—è¡¨.]]>
        <![CDATA[Error message: Unexpected token '<' at 1:1
<!DOCTYPE html>
^.]]>
        <![CDATA[Stacktrace: JSONError: Unexpected token '<' at 1:1
<!DOCTYPE html>
^
   at Object.eval sandbox-script.js:2:8).]]>
      </failure>
    </testcase>
    <testcase name="ç¥¨åˆ¸åŒ…å«QRç " time="0.002" classname="16qr">
      <failure type="AssertionFailure" message="Unexpected token '&lt;' at 1:1&#xA;&lt;!DOCTYPE html>&#xA;^">
        <![CDATA[Failed 1 times.]]>
        <![CDATA[Collection JSON ID: 65dffd4c-7429-49ae-b164-c59ae78ba09c.]]>
        <![CDATA[Collection name: US-012: OTAå¹³å°å®Œæ•´é›†æˆæµ‹è¯•2.]]>
        <![CDATA[Request name: æµç¨‹ä¸€: é¢„è®¢æ¿€æ´» â†’ ç”Ÿæˆè®¢å• / 1.6 èŽ·å–è®¢å•ç¥¨åˆ¸å’ŒQRç .]]>
        <![CDATA[Test description: ç¥¨åˆ¸åŒ…å«QRç .]]>
        <![CDATA[Error message: Unexpected token '<' at 1:1
<!DOCTYPE html>
^.]]>
        <![CDATA[Stacktrace: JSONError: Unexpected token '<' at 1:1
<!DOCTYPE html>
^
   at Object.eval sandbox-script.js:3:8).]]>
      </failure>
    </testcase>
  </testsuite>
  <testsuite name="æµç¨‹äºŒ: é¢„åˆ¶ç¥¨æ®æ¿€æ´» â†’ ç”Ÿæˆè®¢å• / 2.1 æ‰¹é‡ç”Ÿæˆé¢„åˆ¶ç¥¨æ®" id="47114d39-2613-4bc5-990e-589b1438c999" timestamp="2025-11-08T16:50:41.650Z" tests="4" failures="0" errors="0" time="1.719">
    <testcase name="çŠ¶æ€ç æ˜¯201" time="1.719" classname="21"/>
    <testcase name="æ‰¹é‡ç”ŸæˆæˆåŠŸ" time="1.719" classname="21"/>
    <testcase name="ç¥¨æ®çŠ¶æ€ä¸ºPRE_GENERATED" time="1.719" classname="21"/>
    <testcase name="ç¥¨æ®åŒ…å«QRç å’Œentitlements" time="1.719" classname="21"/>
  </testsuite>
  <testsuite name="æµç¨‹äºŒ: é¢„åˆ¶ç¥¨æ®æ¿€æ´» â†’ ç”Ÿæˆè®¢å• / 2.2 æ¿€æ´»é¢„åˆ¶ç¥¨æ® â†’ ç”Ÿæˆè®¢å• â­" id="ad588a8f-63cd-4634-a451-67486aee4f01" timestamp="2025-11-08T16:50:41.650Z" tests="4" failures="0" errors="0" time="0.552">
    <testcase name="çŠ¶æ€ç æ˜¯200" time="0.552" classname="22"/>
    <testcase name="ç¥¨æ®æ¿€æ´»æˆåŠŸ" time="0.552" classname="22"/>
    <testcase name="çŠ¶æ€è½¬æ¢ä¸ºACTIVE" time="0.552" classname="22"/>
    <testcase name="å®¢æˆ·ä¿¡æ¯å·²ç»‘å®š" time="0.552" classname="22"/>
  </testsuite>
  <testsuite name="æµç¨‹äºŒ: é¢„åˆ¶ç¥¨æ®æ¿€æ´» â†’ ç”Ÿæˆè®¢å• / 2.3 éªŒè¯è®¢å•å·²åˆ›å»º" id="5ebd27b5-04e4-4d5c-9b49-85e89f3bca6f" timestamp="2025-11-08T16:50:41.650Z" tests="2" failures="0" errors="0" time="0.047">
    <testcase name="çŠ¶æ€ç æ˜¯200" time="0.047" classname="23"/>
    <testcase name="è®¢å•ç¥¨æ®æŸ¥è¯¢æˆåŠŸ" time="0.047" classname="23"/>
  </testsuite>
  <testsuite name="æµç¨‹ä¸‰: ç¥¨åˆ¸åˆ—è¡¨æŸ¥è¯¢æµ‹è¯• ðŸ” / å‡†å¤‡: ç”Ÿæˆæµ‹è¯•ç¥¨åˆ¸æ‰¹æ¬¡A" id="9052d371-385c-47a4-9036-442a2c0250ab" timestamp="2025-11-08T16:50:41.650Z" tests="1" failures="0" errors="0" time="1.296">
    <testcase name="ç¥¨åˆ¸ç”ŸæˆæˆåŠŸ" time="1.296" classname="A"/>
  </testsuite>
  <testsuite name="æµç¨‹ä¸‰: ç¥¨åˆ¸åˆ—è¡¨æŸ¥è¯¢æµ‹è¯• ðŸ” / å‡†å¤‡: ç”Ÿæˆæµ‹è¯•ç¥¨åˆ¸æ‰¹æ¬¡B" id="f9a0fe6a-01e1-4732-9875-fc3f538811d1" timestamp="2025-11-08T16:50:41.650Z" tests="1" failures="0" errors="0" time="1.169">
    <testcase name="ç¥¨åˆ¸ç”ŸæˆæˆåŠŸ" time="1.169" classname="B"/>
  </testsuite>
  <testsuite name="æµç¨‹ä¸‰: ç¥¨åˆ¸åˆ—è¡¨æŸ¥è¯¢æµ‹è¯• ðŸ” / 3.1 æŸ¥è¯¢æ‰€æœ‰ç¥¨åˆ¸ âœ…" id="9770cf39-88b4-48b8-8e43-b01936fda85a" timestamp="2025-11-08T16:50:41.650Z" tests="3" failures="0" errors="0" time="0.133">
    <testcase name="çŠ¶æ€ç æ˜¯200" time="0.133" classname="31"/>
    <testcase name="è¿”å›žç¥¨åˆ¸åˆ—è¡¨" time="0.133" classname="31"/>
    <testcase name="ç¥¨åˆ¸åŒ…å«å®Œæ•´å­—æ®µ" time="0.133" classname="31"/>
  </testsuite>
  <testsuite name="æµç¨‹ä¸‰: ç¥¨åˆ¸åˆ—è¡¨æŸ¥è¯¢æµ‹è¯• ðŸ” / 3.2 æŒ‰çŠ¶æ€è¿‡æ»¤ - PRE_GENERATED âœ…" id="8b229b73-0fea-4edd-a8ab-4ea20d005c75" timestamp="2025-11-08T16:50:41.650Z" tests="2" failures="0" errors="0" time="0.094">
    <testcase name="çŠ¶æ€ç æ˜¯200" time="0.094" classname="32PreGenerated"/>
    <testcase name="åªè¿”å›žPRE_GENERATEDçŠ¶æ€çš„ç¥¨åˆ¸" time="0.094" classname="32PreGenerated"/>
  </testsuite>
  <testsuite name="æµç¨‹ä¸‰: ç¥¨åˆ¸åˆ—è¡¨æŸ¥è¯¢æµ‹è¯• ðŸ” / å‡†å¤‡: æ¿€æ´»ä¸€å¼ ç¥¨åˆ¸" id="3b96ef26-6dba-4520-9375-40238e9aab55" timestamp="2025-11-08T16:50:41.650Z" tests="1" failures="0" errors="0" time="0.563">
    <testcase name="æ¿€æ´»æˆåŠŸ" time="0.563" classname="Us012OtA2"/>
  </testsuite>
  <testsuite name="æµç¨‹ä¸‰: ç¥¨åˆ¸åˆ—è¡¨æŸ¥è¯¢æµ‹è¯• ðŸ” / 3.3 æŒ‰çŠ¶æ€è¿‡æ»¤ - ACTIVE âœ…" id="55dd5409-01a5-4e1d-82d9-eae165c09439" timestamp="2025-11-08T16:50:41.650Z" tests="2" failures="0" errors="0" time="0.438">
    <testcase name="çŠ¶æ€ç æ˜¯200" time="0.438" classname="33Active"/>
    <testcase name="åªè¿”å›žACTIVEçŠ¶æ€çš„ç¥¨åˆ¸" time="0.438" classname="33Active"/>
  </testsuite>
  <testsuite name="æµç¨‹ä¸‰: ç¥¨åˆ¸åˆ—è¡¨æŸ¥è¯¢æµ‹è¯• ðŸ” / 3.4 åˆ†é¡µæµ‹è¯• - ç¬¬1é¡µ âœ…" id="67582114-7d87-4487-b9fa-4cf3128ad58d" timestamp="2025-11-08T16:50:41.650Z" tests="2" failures="0" errors="0" time="0.090">
    <testcase name="çŠ¶æ€ç æ˜¯200" time="0.090" classname="341"/>
    <testcase name="è¿”å›žæ­£ç¡®çš„åˆ†é¡µä¿¡æ¯" time="0.090" classname="341"/>
  </testsuite>
  <testsuite name="æµç¨‹ä¸‰: ç¥¨åˆ¸åˆ—è¡¨æŸ¥è¯¢æµ‹è¯• ðŸ” / 3.5 åˆ†é¡µæµ‹è¯• - ç¬¬2é¡µ âœ…" id="24e56056-7f66-4436-b317-cb2c1a93f037" timestamp="2025-11-08T16:50:41.650Z" tests="2" failures="0" errors="0" time="0.090">
    <testcase name="çŠ¶æ€ç æ˜¯200" time="0.090" classname="352"/>
    <testcase name="è¿”å›žæ­£ç¡®çš„åˆ†é¡µä¿¡æ¯" time="0.090" classname="352"/>
  </testsuite>
  <testsuite name="æµç¨‹ä¸‰: ç¥¨åˆ¸åˆ—è¡¨æŸ¥è¯¢æµ‹è¯• ðŸ” / 3.6 æŒ‰æ—¶é—´èŒƒå›´è¿‡æ»¤ âœ…" id="83e60a52-6206-4c9e-bf2a-19d92c19bd06" timestamp="2025-11-08T16:50:41.650Z" tests="2" failures="0" errors="0" time="0.136">
    <testcase name="çŠ¶æ€ç æ˜¯200" time="0.136" classname="36"/>
    <testcase name="è¿”å›žçš„ç¥¨åˆ¸éƒ½åœ¨æ—¶é—´èŒƒå›´å†…" time="0.136" classname="36"/>
  </testsuite>
  <testsuite name="æµç¨‹ä¸‰: ç¥¨åˆ¸åˆ—è¡¨æŸ¥è¯¢æµ‹è¯• ðŸ” / 3.7 ç»„åˆè¿‡æ»¤ - çŠ¶æ€+åˆ†é¡µ âœ…" id="944b6810-4ccf-429a-822a-f8439b8a301b" timestamp="2025-11-08T16:50:41.650Z" tests="2" failures="0" errors="0" time="0.088">
    <testcase name="çŠ¶æ€ç æ˜¯200" time="0.088" classname="37"/>
    <testcase name="ç»„åˆè¿‡æ»¤ç”Ÿæ•ˆ" time="0.088" classname="37"/>
  </testsuite>
  <testsuite name="æµç¨‹ä¸‰: ç¥¨åˆ¸åˆ—è¡¨æŸ¥è¯¢æµ‹è¯• ðŸ” / 3.8 é”™è¯¯æµ‹è¯• - æ— æ•ˆåˆ†é¡µå‚æ•° âŒ" id="6aaa2716-66a6-45b9-8dfc-b7f60d9da0bb" timestamp="2025-11-08T16:50:41.650Z" tests="2" failures="0" errors="0" time="0.002">
    <testcase name="è¿”å›ž422éªŒè¯é”™è¯¯" time="0.002" classname="38"/>
    <testcase name="é”™è¯¯ä¿¡æ¯æ­£ç¡®" time="0.002" classname="38"/>
  </testsuite>
  <testsuite name="æµç¨‹å››: çŠ¶æ€è½¬æ¢å’Œé”™è¯¯å¤„ç†éªŒè¯ / å‡†å¤‡: ç”Ÿæˆæµ‹è¯•ç¥¨æ®" id="65cbf4a7-4e52-4e9d-9017-92629bf35af0" timestamp="2025-11-08T16:50:41.650Z" tests="1" failures="0" errors="0" time="0.934">
    <testcase name="ç¥¨æ®ç”ŸæˆæˆåŠŸ" time="0.934" classname="Us012OtA2"/>
  </testsuite>
  <testsuite name="æµç¨‹å››: çŠ¶æ€è½¬æ¢å’Œé”™è¯¯å¤„ç†éªŒè¯ / å‡†å¤‡: æ¿€æ´»æµ‹è¯•ç¥¨æ®" id="3a3a88ae-081d-4f56-9071-ec61afd32706" timestamp="2025-11-08T16:50:41.650Z" tests="1" failures="0" errors="0" time="0.558">
    <testcase name="æ¿€æ´»æˆåŠŸ" time="0.558" classname="Us012OtA2"/>
  </testsuite>
  <testsuite name="æµç¨‹å››: çŠ¶æ€è½¬æ¢å’Œé”™è¯¯å¤„ç†éªŒè¯ / 3.1 æµ‹è¯•é‡å¤æ¿€æ´»ä¿æŠ¤ âŒ" id="9f1d55d2-df74-4b9a-bb2c-11473fef5c0a" timestamp="2025-11-08T16:50:41.650Z" tests="2" failures="2" errors="0" time="0.140">
    <testcase name="è¿”å›ž409å†²çªé”™è¯¯" time="0.140" classname="31">
      <failure type="AssertionFailure" message="expected response to have status code 409 but got 404">
        <![CDATA[Failed 1 times.]]>
        <![CDATA[Collection JSON ID: 65dffd4c-7429-49ae-b164-c59ae78ba09c.]]>
        <![CDATA[Collection name: US-012: OTAå¹³å°å®Œæ•´é›†æˆæµ‹è¯•2.]]>
        <![CDATA[Request name: æµç¨‹å››: çŠ¶æ€è½¬æ¢å’Œé”™è¯¯å¤„ç†éªŒè¯ / 3.1 æµ‹è¯•é‡å¤æ¿€æ´»ä¿æŠ¤ âŒ.]]>
        <![CDATA[Test description: è¿”å›ž409å†²çªé”™è¯¯.]]>
        <![CDATA[Error message: expected response to have status code 409 but got 404.]]>
        <![CDATA[Stacktrace: AssertionError: expected response to have status code 409 but got 404
   at Object.eval sandbox-script.js:1:25).]]>
      </failure>
    </testcase>
    <testcase name="é”™è¯¯ä¿¡æ¯æ­£ç¡®" time="0.140" classname="31">
      <failure type="AssertionFailure" message="expected 'TICKET_NOT_FOUND' to deeply equal 'TICKET_ALREADY_ACTIVATED'">
        <![CDATA[Failed 1 times.]]>
        <![CDATA[Collection JSON ID: 65dffd4c-7429-49ae-b164-c59ae78ba09c.]]>
        <![CDATA[Collection name: US-012: OTAå¹³å°å®Œæ•´é›†æˆæµ‹è¯•2.]]>
        <![CDATA[Request name: æµç¨‹å››: çŠ¶æ€è½¬æ¢å’Œé”™è¯¯å¤„ç†éªŒè¯ / 3.1 æµ‹è¯•é‡å¤æ¿€æ´»ä¿æŠ¤ âŒ.]]>
        <![CDATA[Test description: é”™è¯¯ä¿¡æ¯æ­£ç¡®.]]>
        <![CDATA[Error message: expected 'TICKET_NOT_FOUND' to deeply equal 'TICKET_ALREADY_ACTIVATED'.]]>
        <![CDATA[Stacktrace: AssertionError: expected 'TICKET_NOT_FOUND' to deeply equal 'TICKET_ALREADY_ACTIVATED'
   at Object.eval sandbox-script.js:2:25).]]>
      </failure>
    </testcase>
  </testsuite>
  <testsuite name="æµç¨‹å››: çŠ¶æ€è½¬æ¢å’Œé”™è¯¯å¤„ç†éªŒè¯ / 3.2 æµ‹è¯•æ— æ•ˆç¥¨æ®ç  âŒ" id="737d3560-96df-470b-8b01-b29259d35e71" timestamp="2025-11-08T16:50:41.650Z" tests="2" failures="0" errors="0" time="0.137">
    <testcase name="è¿”å›ž404é”™è¯¯" time="0.137" classname="32"/>
    <testcase name="é”™è¯¯ä¿¡æ¯æ­£ç¡®" time="0.137" classname="32"/>
  </testsuite>
  <testsuite name="æµç¨‹å››: çŠ¶æ€è½¬æ¢å’Œé”™è¯¯å¤„ç†éªŒè¯ / 3.3 åˆ›å»ºé¢„è®¢ç”¨äºŽå–æ¶ˆæµ‹è¯•" id="428a05fb-1988-49da-8ac4-23be4ce1d2fd" timestamp="2025-11-08T16:50:41.650Z" tests="1" failures="0" errors="0" time="0.432">
    <testcase name="é¢„è®¢åˆ›å»ºæˆåŠŸ" time="0.432" classname="33"/>
  </testsuite>
  <testsuite name="æµç¨‹å››: çŠ¶æ€è½¬æ¢å’Œé”™è¯¯å¤„ç†éªŒè¯ / 3.4 å–æ¶ˆé¢„è®¢" id="7f228d6c-ce6e-4e01-99c5-6c9206df8c45" timestamp="2025-11-08T16:50:41.650Z" tests="1" failures="0" errors="0" time="0.516">
    <testcase name="è¿”å›ž204 No Content" time="0.516" classname="34"/>
  </testsuite>
  <testsuite name="æµç¨‹å››: çŠ¶æ€è½¬æ¢å’Œé”™è¯¯å¤„ç†éªŒè¯ / 3.5 æµ‹è¯•æ— æ•ˆAPI Key âŒ" id="39f60b74-9913-4785-99c2-8bfe9147f10e" timestamp="2025-11-08T16:50:41.650Z" tests="2" failures="0" errors="0" time="0.002">
    <testcase name="è¿”å›ž401æœªæŽˆæƒ" time="0.002" classname="35apiKey"/>
    <testcase name="é”™è¯¯ä¿¡æ¯æ­£ç¡®" time="0.002" classname="35apiKey"/>
  </testsuite>
  <testsuite name="æµç¨‹å››: çŠ¶æ€è½¬æ¢å’Œé”™è¯¯å¤„ç†éªŒè¯ / 3.6 æµ‹è¯•è¶…é‡é¢„è®¢ âŒ" id="4cabbfa8-c02d-4985-a779-f3a04ce3add3" timestamp="2025-11-08T16:50:41.650Z" tests="2" failures="2" errors="0" time="0.002">
    <testcase name="è¿”å›ž422éªŒè¯é”™è¯¯" time="0.002" classname="36">
      <failure type="AssertionFailure" message="expected response to have status code 422 but got 429">
        <![CDATA[Failed 1 times.]]>
        <![CDATA[Collection JSON ID: 65dffd4c-7429-49ae-b164-c59ae78ba09c.]]>
        <![CDATA[Collection name: US-012: OTAå¹³å°å®Œæ•´é›†æˆæµ‹è¯•2.]]>
        <![CDATA[Request name: æµç¨‹å››: çŠ¶æ€è½¬æ¢å’Œé”™è¯¯å¤„ç†éªŒè¯ / 3.6 æµ‹è¯•è¶…é‡é¢„è®¢ âŒ.]]>
        <![CDATA[Test description: è¿”å›ž422éªŒè¯é”™è¯¯.]]>
        <![CDATA[Error message: expected response to have status code 422 but got 429.]]>
        <![CDATA[Stacktrace: AssertionError: expected response to have status code 422 but got 429
   at Object.eval sandbox-script.js:1:30).]]>
      </failure>
    </testcase>
    <testcase name="é”™è¯¯ä¿¡æ¯æ­£ç¡®" time="0.002" classname="36">
      <failure type="AssertionFailure" message="expected 'RATE_LIMIT_EXCEEDED' to deeply equal 'VALIDATION_ERROR'">
        <![CDATA[Failed 1 times.]]>
        <![CDATA[Collection JSON ID: 65dffd4c-7429-49ae-b164-c59ae78ba09c.]]>
        <![CDATA[Collection name: US-012: OTAå¹³å°å®Œæ•´é›†æˆæµ‹è¯•2.]]>
        <![CDATA[Request name: æµç¨‹å››: çŠ¶æ€è½¬æ¢å’Œé”™è¯¯å¤„ç†éªŒè¯ / 3.6 æµ‹è¯•è¶…é‡é¢„è®¢ âŒ.]]>
        <![CDATA[Test description: é”™è¯¯ä¿¡æ¯æ­£ç¡®.]]>
        <![CDATA[Error message: expected 'RATE_LIMIT_EXCEEDED' to deeply equal 'VALIDATION_ERROR'.]]>
        <![CDATA[Stacktrace: AssertionError: expected 'RATE_LIMIT_EXCEEDED' to deeply equal 'VALIDATION_ERROR'
   at Object.eval sandbox-script.js:2:30).]]>
      </failure>
    </testcase>
  </testsuite>
</testsuites>