<?xml version="1.0" encoding="UTF-8"?>
<testsuites name="US-012: OTAå¹³å°å®Œæ•´é›†æˆæµ‹è¯•2" tests="30" time="27.595">
  <testsuite name="æµç¨‹ä¸€: é¢„è®¢æ¿€æ´» â†’ ç”Ÿæˆè®¢å• / 1.0 æŸ¥è¯¢äº§å“ç›®å½• ðŸ“¦" id="40d7f5a9-6eac-43f3-aa0e-0fc08c8860e4" timestamp="2025-11-25T07:43:06.815Z" tests="3" failures="3" errors="1" time="0.012">
    <system-err><![CDATA[Iteration: 0

---
testScriptError: Unexpected token '<' at 1:1
<!DOCTYPE html>
^
---
]]></system-err>
    <testcase name="çŠ¶æ€ç æ˜¯200" time="0.012" classname="Us012OtA2">
      <failure type="AssertionFailure" message="expected response to have status code 200 but got 404">
        <![CDATA[Failed 1 times.]]>
        <![CDATA[Collection JSON ID: b3395114-20f0-42dd-9739-64df842b83ec.]]>
        <![CDATA[Collection name: US-012: OTAå¹³å°å®Œæ•´é›†æˆæµ‹è¯•2.]]>
        <![CDATA[Request name: æµç¨‹ä¸€: é¢„è®¢æ¿€æ´» â†’ ç”Ÿæˆè®¢å• / 1.0 æŸ¥è¯¢äº§å“ç›®å½• ðŸ“¦.]]>
        <![CDATA[Test description: çŠ¶æ€ç æ˜¯200.]]>
        <![CDATA[Error message: expected response to have status code 200 but got 404.]]>
        <![CDATA[Stacktrace: AssertionError: expected response to have status code 200 but got 404
   at Object.eval sandbox-script.js:1:1).]]>
      </failure>
    </testcase>
    <testcase name="è¿”å›žäº§å“åˆ—è¡¨" time="0.012" classname="Us012OtA2">
      <failure type="AssertionFailure" message="Unexpected token '&lt;' at 1:1&#xA;&lt;!DOCTYPE html>&#xA;^">
        <![CDATA[Failed 1 times.]]>
        <![CDATA[Collection JSON ID: b3395114-20f0-42dd-9739-64df842b83ec.]]>
        <![CDATA[Collection name: US-012: OTAå¹³å°å®Œæ•´é›†æˆæµ‹è¯•2.]]>
        <![CDATA[Request name: æµç¨‹ä¸€: é¢„è®¢æ¿€æ´» â†’ ç”Ÿæˆè®¢å• / 1.0 æŸ¥è¯¢äº§å“ç›®å½• ðŸ“¦.]]>
        <![CDATA[Test description: è¿”å›žäº§å“åˆ—è¡¨.]]>
        <![CDATA[Error message: Unexpected token '<' at 1:1
<!DOCTYPE html>
^.]]>
        <![CDATA[Stacktrace: JSONError: Unexpected token '<' at 1:1
<!DOCTYPE html>
^
   at Object.eval sandbox-script.js:2:1).]]>
      </failure>
    </testcase>
    <testcase name="äº§å“åŒ…å«å®Œæ•´ä¿¡æ¯" time="0.012" classname="Us012OtA2">
      <failure type="AssertionFailure" message="Unexpected token '&lt;' at 1:1&#xA;&lt;!DOCTYPE html>&#xA;^">
        <![CDATA[Failed 1 times.]]>
        <![CDATA[Collection JSON ID: b3395114-20f0-42dd-9739-64df842b83ec.]]>
        <![CDATA[Collection name: US-012: OTAå¹³å°å®Œæ•´é›†æˆæµ‹è¯•2.]]>
        <![CDATA[Request name: æµç¨‹ä¸€: é¢„è®¢æ¿€æ´» â†’ ç”Ÿæˆè®¢å• / 1.0 æŸ¥è¯¢äº§å“ç›®å½• ðŸ“¦.]]>
        <![CDATA[Test description: äº§å“åŒ…å«å®Œæ•´ä¿¡æ¯.]]>
        <![CDATA[Error message: Unexpected token '<' at 1:1
<!DOCTYPE html>
^.]]>
        <![CDATA[Stacktrace: JSONError: Unexpected token '<' at 1:1
<!DOCTYPE html>
^
   at Object.eval sandbox-script.js:3:1).]]>
      </failure>
    </testcase>
  </testsuite>
  <testsuite name="æµç¨‹ä¸€: é¢„è®¢æ¿€æ´» â†’ ç”Ÿæˆè®¢å• / 1.1 æŸ¥è¯¢OTAåº“å­˜" id="9123da4c-a434-4190-b71d-7df7f64f1015" timestamp="2025-11-25T07:43:06.815Z" tests="2" failures="0" errors="0" time="0.406">
    <testcase name="çŠ¶æ€ç æ˜¯200" time="0.406" classname="Us012OtA2"/>
    <testcase name="è¿”å›žåº“å­˜æ•°æ®" time="0.406" classname="Us012OtA2"/>
  </testsuite>
  <testsuite name="æµç¨‹ä¸€: é¢„è®¢æ¿€æ´» â†’ ç”Ÿæˆè®¢å• / 1.2 åˆ›å»ºé¢„è®¢" id="225f576b-51b0-4af4-bd22-ab71433acb36" timestamp="2025-11-25T07:43:06.815Z" tests="2" failures="2" errors="0" time="1.716">
    <testcase name="çŠ¶æ€ç æ˜¯201" time="1.716" classname="Us012OtA2">
      <failure type="AssertionFailure" message="expected response to have status code 201 but got 500">
        <![CDATA[Failed 1 times.]]>
        <![CDATA[Collection JSON ID: b3395114-20f0-42dd-9739-64df842b83ec.]]>
        <![CDATA[Collection name: US-012: OTAå¹³å°å®Œæ•´é›†æˆæµ‹è¯•2.]]>
        <![CDATA[Request name: æµç¨‹ä¸€: é¢„è®¢æ¿€æ´» â†’ ç”Ÿæˆè®¢å• / 1.2 åˆ›å»ºé¢„è®¢.]]>
        <![CDATA[Test description: çŠ¶æ€ç æ˜¯201.]]>
        <![CDATA[Error message: expected response to have status code 201 but got 500.]]>
        <![CDATA[Stacktrace: AssertionError: expected response to have status code 201 but got 500
   at Object.eval sandbox-script.js:1:3).]]>
      </failure>
    </testcase>
    <testcase name="è¿”å›žé¢„è®¢ID" time="1.716" classname="Us012OtA2">
      <failure type="AssertionFailure" message="expected { code: 'RESERVATION_FAILED', â€¦(1) } to have property 'reservation_id'">
        <![CDATA[Failed 1 times.]]>
        <![CDATA[Collection JSON ID: b3395114-20f0-42dd-9739-64df842b83ec.]]>
        <![CDATA[Collection name: US-012: OTAå¹³å°å®Œæ•´é›†æˆæµ‹è¯•2.]]>
        <![CDATA[Request name: æµç¨‹ä¸€: é¢„è®¢æ¿€æ´» â†’ ç”Ÿæˆè®¢å• / 1.2 åˆ›å»ºé¢„è®¢.]]>
        <![CDATA[Test description: è¿”å›žé¢„è®¢ID.]]>
        <![CDATA[Error message: expected { code: 'RESERVATION_FAILED', â€¦(1) } to have property 'reservation_id'.]]>
        <![CDATA[Stacktrace: AssertionError: expected { code: 'RESERVATION_FAILED', â€¦(1) } to have property 'reservation_id'
   at Object.eval sandbox-script.js:2:3).]]>
      </failure>
    </testcase>
  </testsuite>
  <testsuite name="æµç¨‹ä¸€: é¢„è®¢æ¿€æ´» â†’ ç”Ÿæˆè®¢å• / 1.3 æŸ¥è¯¢é¢„è®¢è¯¦æƒ…" id="4564a82c-73c0-405c-9874-723b15bdcf12" timestamp="2025-11-25T07:43:06.815Z" tests="2" failures="1" errors="0" time="0.339">
    <testcase name="çŠ¶æ€ç æ˜¯200" time="0.339" classname="Us012OtA2"/>
    <testcase name="é¢„è®¢çŠ¶æ€ä¸ºactive" time="0.339" classname="Us012OtA2">
      <failure type="AssertionFailure" message="expected undefined to deeply equal 'active'">
        <![CDATA[Failed 1 times.]]>
        <![CDATA[Collection JSON ID: b3395114-20f0-42dd-9739-64df842b83ec.]]>
        <![CDATA[Collection name: US-012: OTAå¹³å°å®Œæ•´é›†æˆæµ‹è¯•2.]]>
        <![CDATA[Request name: æµç¨‹ä¸€: é¢„è®¢æ¿€æ´» â†’ ç”Ÿæˆè®¢å• / 1.3 æŸ¥è¯¢é¢„è®¢è¯¦æƒ….]]>
        <![CDATA[Test description: é¢„è®¢çŠ¶æ€ä¸ºactive.]]>
        <![CDATA[Error message: expected undefined to deeply equal 'active'.]]>
        <![CDATA[Stacktrace: AssertionError: expected undefined to deeply equal 'active'
   at Object.eval sandbox-script.js:2:4).]]>
      </failure>
    </testcase>
  </testsuite>
  <testsuite name="æµç¨‹ä¸€: é¢„è®¢æ¿€æ´» â†’ ç”Ÿæˆè®¢å• / 1.4 æ¿€æ´»é¢„è®¢ â†’ ç”Ÿæˆè®¢å•å’Œç¥¨åˆ¸ â­" id="9c7030b1-4e6c-4afe-8abc-0abd08e63cbe" timestamp="2025-11-25T07:43:06.815Z" tests="4" failures="4" errors="1" time="0.001">
    <system-err><![CDATA[Iteration: 0

---
testScriptError: Unexpected token '<' at 1:1
<!DOCTYPE html>
^
---
]]></system-err>
    <testcase name="çŠ¶æ€ç æ˜¯201" time="0.001" classname="Us012OtA2">
      <failure type="AssertionFailure" message="expected response to have status code 201 but got 404">
        <![CDATA[Failed 1 times.]]>
        <![CDATA[Collection JSON ID: b3395114-20f0-42dd-9739-64df842b83ec.]]>
        <![CDATA[Collection name: US-012: OTAå¹³å°å®Œæ•´é›†æˆæµ‹è¯•2.]]>
        <![CDATA[Request name: æµç¨‹ä¸€: é¢„è®¢æ¿€æ´» â†’ ç”Ÿæˆè®¢å• / 1.4 æ¿€æ´»é¢„è®¢ â†’ ç”Ÿæˆè®¢å•å’Œç¥¨åˆ¸ â­.]]>
        <![CDATA[Test description: çŠ¶æ€ç æ˜¯201.]]>
        <![CDATA[Error message: expected response to have status code 201 but got 404.]]>
        <![CDATA[Stacktrace: AssertionError: expected response to have status code 201 but got 404
   at Object.eval sandbox-script.js:1:5).]]>
      </failure>
    </testcase>
    <testcase name="è®¢å•åˆ›å»ºæˆåŠŸ" time="0.001" classname="Us012OtA2">
      <failure type="AssertionFailure" message="Unexpected token '&lt;' at 1:1&#xA;&lt;!DOCTYPE html>&#xA;^">
        <![CDATA[Failed 1 times.]]>
        <![CDATA[Collection JSON ID: b3395114-20f0-42dd-9739-64df842b83ec.]]>
        <![CDATA[Collection name: US-012: OTAå¹³å°å®Œæ•´é›†æˆæµ‹è¯•2.]]>
        <![CDATA[Request name: æµç¨‹ä¸€: é¢„è®¢æ¿€æ´» â†’ ç”Ÿæˆè®¢å• / 1.4 æ¿€æ´»é¢„è®¢ â†’ ç”Ÿæˆè®¢å•å’Œç¥¨åˆ¸ â­.]]>
        <![CDATA[Test description: è®¢å•åˆ›å»ºæˆåŠŸ.]]>
        <![CDATA[Error message: Unexpected token '<' at 1:1
<!DOCTYPE html>
^.]]>
        <![CDATA[Stacktrace: JSONError: Unexpected token '<' at 1:1
<!DOCTYPE html>
^
   at Object.eval sandbox-script.js:2:5).]]>
      </failure>
    </testcase>
    <testcase name="ç”Ÿæˆäº†25å¼ ç¥¨åˆ¸" time="0.001" classname="Us012OtA2">
      <failure type="AssertionFailure" message="Unexpected token '&lt;' at 1:1&#xA;&lt;!DOCTYPE html>&#xA;^">
        <![CDATA[Failed 1 times.]]>
        <![CDATA[Collection JSON ID: b3395114-20f0-42dd-9739-64df842b83ec.]]>
        <![CDATA[Collection name: US-012: OTAå¹³å°å®Œæ•´é›†æˆæµ‹è¯•2.]]>
        <![CDATA[Request name: æµç¨‹ä¸€: é¢„è®¢æ¿€æ´» â†’ ç”Ÿæˆè®¢å• / 1.4 æ¿€æ´»é¢„è®¢ â†’ ç”Ÿæˆè®¢å•å’Œç¥¨åˆ¸ â­.]]>
        <![CDATA[Test description: ç”Ÿæˆäº†25å¼ ç¥¨åˆ¸.]]>
        <![CDATA[Error message: Unexpected token '<' at 1:1
<!DOCTYPE html>
^.]]>
        <![CDATA[Stacktrace: JSONError: Unexpected token '<' at 1:1
<!DOCTYPE html>
^
   at Object.eval sandbox-script.js:3:5).]]>
      </failure>
    </testcase>
    <testcase name="ç¥¨åˆ¸åŒ…å«entitlements" time="0.001" classname="Us012OtA2">
      <failure type="AssertionFailure" message="Unexpected token '&lt;' at 1:1&#xA;&lt;!DOCTYPE html>&#xA;^">
        <![CDATA[Failed 1 times.]]>
        <![CDATA[Collection JSON ID: b3395114-20f0-42dd-9739-64df842b83ec.]]>
        <![CDATA[Collection name: US-012: OTAå¹³å°å®Œæ•´é›†æˆæµ‹è¯•2.]]>
        <![CDATA[Request name: æµç¨‹ä¸€: é¢„è®¢æ¿€æ´» â†’ ç”Ÿæˆè®¢å• / 1.4 æ¿€æ´»é¢„è®¢ â†’ ç”Ÿæˆè®¢å•å’Œç¥¨åˆ¸ â­.]]>
        <![CDATA[Test description: ç¥¨åˆ¸åŒ…å«entitlements.]]>
        <![CDATA[Error message: Unexpected token '<' at 1:1
<!DOCTYPE html>
^.]]>
        <![CDATA[Stacktrace: JSONError: Unexpected token '<' at 1:1
<!DOCTYPE html>
^
   at Object.eval sandbox-script.js:4:5).]]>
      </failure>
    </testcase>
  </testsuite>
  <testsuite name="æµç¨‹ä¸€: é¢„è®¢æ¿€æ´» â†’ ç”Ÿæˆè®¢å• / 1.5 æŸ¥è¯¢è®¢å•åˆ—è¡¨" id="f9a3a54c-af3c-4978-9632-662349b91b11" timestamp="2025-11-25T07:43:06.815Z" tests="2" failures="0" errors="0" time="0.523">
    <testcase name="çŠ¶æ€ç æ˜¯200" time="0.523" classname="Us012OtA2"/>
    <testcase name="è¿”å›žè®¢å•åˆ—è¡¨" time="0.523" classname="Us012OtA2"/>
  </testsuite>
  <testsuite name="æµç¨‹ä¸€: é¢„è®¢æ¿€æ´» â†’ ç”Ÿæˆè®¢å• / 1.5.1 æŸ¥è¯¢è®¢å•è¯¦æƒ… ðŸ“‹" id="348027b2-23fe-4985-8240-e98243748596" timestamp="2025-11-25T07:43:06.815Z" tests="3" failures="2" errors="0" time="0.494">
    <testcase name="çŠ¶æ€ç æ˜¯200" time="0.494" classname="Us012OtA2"/>
    <testcase name="è¿”å›žè®¢å•è¯¦æƒ…" time="0.494" classname="Us012OtA2">
      <failure type="AssertionFailure" message="expected { orders: [ { â€¦(8) }, â€¦(177) ], â€¦(1) } to have property 'order_id'">
        <![CDATA[Failed 1 times.]]>
        <![CDATA[Collection JSON ID: b3395114-20f0-42dd-9739-64df842b83ec.]]>
        <![CDATA[Collection name: US-012: OTAå¹³å°å®Œæ•´é›†æˆæµ‹è¯•2.]]>
        <![CDATA[Request name: æµç¨‹ä¸€: é¢„è®¢æ¿€æ´» â†’ ç”Ÿæˆè®¢å• / 1.5.1 æŸ¥è¯¢è®¢å•è¯¦æƒ… ðŸ“‹.]]>
        <![CDATA[Test description: è¿”å›žè®¢å•è¯¦æƒ….]]>
        <![CDATA[Error message: expected { orders: [ { â€¦(8) }, â€¦(177) ], â€¦(1) } to have property 'order_id'.]]>
        <![CDATA[Stacktrace: AssertionError: expected { orders: [ { â€¦(8) }, â€¦(177) ], â€¦(1) } to have property 'order_id'
   at Object.eval sandbox-script.js:2:7).]]>
      </failure>
    </testcase>
    <testcase name="è®¢å•åŒ…å«é¢„è®¢å…³è”" time="0.494" classname="Us012OtA2">
      <failure type="AssertionFailure" message="expected { orders: [ { â€¦(8) }, â€¦(177) ], â€¦(1) } to have property 'reservation_id'">
        <![CDATA[Failed 1 times.]]>
        <![CDATA[Collection JSON ID: b3395114-20f0-42dd-9739-64df842b83ec.]]>
        <![CDATA[Collection name: US-012: OTAå¹³å°å®Œæ•´é›†æˆæµ‹è¯•2.]]>
        <![CDATA[Request name: æµç¨‹ä¸€: é¢„è®¢æ¿€æ´» â†’ ç”Ÿæˆè®¢å• / 1.5.1 æŸ¥è¯¢è®¢å•è¯¦æƒ… ðŸ“‹.]]>
        <![CDATA[Test description: è®¢å•åŒ…å«é¢„è®¢å…³è”.]]>
        <![CDATA[Error message: expected { orders: [ { â€¦(8) }, â€¦(177) ], â€¦(1) } to have property 'reservation_id'.]]>
        <![CDATA[Stacktrace: AssertionError: expected { orders: [ { â€¦(8) }, â€¦(177) ], â€¦(1) } to have property 'reservation_id'
   at Object.eval sandbox-script.js:3:7).]]>
      </failure>
    </testcase>
  </testsuite>
  <testsuite name="æµç¨‹ä¸€: é¢„è®¢æ¿€æ´» â†’ ç”Ÿæˆè®¢å• / 1.6 èŽ·å–è®¢å•ç¥¨åˆ¸å’ŒQRç " id="d2f0d48c-e227-4334-86db-d473effe39e3" timestamp="2025-11-25T07:43:06.815Z" tests="3" failures="3" errors="1" time="0.001">
    <system-err><![CDATA[Iteration: 0

---
testScriptError: Unexpected token '<' at 1:1
<!DOCTYPE html>
^
---
]]></system-err>
    <testcase name="çŠ¶æ€ç æ˜¯200" time="0.001" classname="Us012OtA2">
      <failure type="AssertionFailure" message="expected response to have status code 200 but got 404">
        <![CDATA[Failed 1 times.]]>
        <![CDATA[Collection JSON ID: b3395114-20f0-42dd-9739-64df842b83ec.]]>
        <![CDATA[Collection name: US-012: OTAå¹³å°å®Œæ•´é›†æˆæµ‹è¯•2.]]>
        <![CDATA[Request name: æµç¨‹ä¸€: é¢„è®¢æ¿€æ´» â†’ ç”Ÿæˆè®¢å• / 1.6 èŽ·å–è®¢å•ç¥¨åˆ¸å’ŒQRç .]]>
        <![CDATA[Test description: çŠ¶æ€ç æ˜¯200.]]>
        <![CDATA[Error message: expected response to have status code 200 but got 404.]]>
        <![CDATA[Stacktrace: AssertionError: expected response to have status code 200 but got 404
   at Object.eval sandbox-script.js:1:8).]]>
      </failure>
    </testcase>
    <testcase name="è¿”å›žç¥¨åˆ¸åˆ—è¡¨" time="0.001" classname="Us012OtA2">
      <failure type="AssertionFailure" message="Unexpected token '&lt;' at 1:1&#xA;&lt;!DOCTYPE html>&#xA;^">
        <![CDATA[Failed 1 times.]]>
        <![CDATA[Collection JSON ID: b3395114-20f0-42dd-9739-64df842b83ec.]]>
        <![CDATA[Collection name: US-012: OTAå¹³å°å®Œæ•´é›†æˆæµ‹è¯•2.]]>
        <![CDATA[Request name: æµç¨‹ä¸€: é¢„è®¢æ¿€æ´» â†’ ç”Ÿæˆè®¢å• / 1.6 èŽ·å–è®¢å•ç¥¨åˆ¸å’ŒQRç .]]>
        <![CDATA[Test description: è¿”å›žç¥¨åˆ¸åˆ—è¡¨.]]>
        <![CDATA[Error message: Unexpected token '<' at 1:1
<!DOCTYPE html>
^.]]>
        <![CDATA[Stacktrace: JSONError: Unexpected token '<' at 1:1
<!DOCTYPE html>
^
   at Object.eval sandbox-script.js:2:8).]]>
      </failure>
    </testcase>
    <testcase name="ç¥¨åˆ¸åŒ…å«QRç " time="0.001" classname="Us012OtA2">
      <failure type="AssertionFailure" message="Unexpected token '&lt;' at 1:1&#xA;&lt;!DOCTYPE html>&#xA;^">
        <![CDATA[Failed 1 times.]]>
        <![CDATA[Collection JSON ID: b3395114-20f0-42dd-9739-64df842b83ec.]]>
        <![CDATA[Collection name: US-012: OTAå¹³å°å®Œæ•´é›†æˆæµ‹è¯•2.]]>
        <![CDATA[Request name: æµç¨‹ä¸€: é¢„è®¢æ¿€æ´» â†’ ç”Ÿæˆè®¢å• / 1.6 èŽ·å–è®¢å•ç¥¨åˆ¸å’ŒQRç .]]>
        <![CDATA[Test description: ç¥¨åˆ¸åŒ…å«QRç .]]>
        <![CDATA[Error message: Unexpected token '<' at 1:1
<!DOCTYPE html>
^.]]>
        <![CDATA[Stacktrace: JSONError: Unexpected token '<' at 1:1
<!DOCTYPE html>
^
   at Object.eval sandbox-script.js:3:8).]]>
      </failure>
    </testcase>
  </testsuite>
  <testsuite name="æµç¨‹äºŒ: é¢„åˆ¶ç¥¨æ®æ¿€æ´» â†’ ç”Ÿæˆè®¢å• / 2.1 æ‰¹é‡ç”Ÿæˆé¢„åˆ¶ç¥¨æ®" id="3b5fcd64-8f24-429f-8131-6b4fb426fea3" timestamp="2025-11-25T07:43:06.815Z" tests="4" failures="4" errors="1" time="0.674">
    <system-err><![CDATA[Iteration: 0

---
testScriptError: Cannot read properties of undefined (reading '0')
---
]]></system-err>
    <testcase name="çŠ¶æ€ç æ˜¯201" time="0.674" classname="Us012OtA2">
      <failure type="AssertionFailure" message="expected response to have status code 201 but got 409">
        <![CDATA[Failed 1 times.]]>
        <![CDATA[Collection JSON ID: b3395114-20f0-42dd-9739-64df842b83ec.]]>
        <![CDATA[Collection name: US-012: OTAå¹³å°å®Œæ•´é›†æˆæµ‹è¯•2.]]>
        <![CDATA[Request name: æµç¨‹äºŒ: é¢„åˆ¶ç¥¨æ®æ¿€æ´» â†’ ç”Ÿæˆè®¢å• / 2.1 æ‰¹é‡ç”Ÿæˆé¢„åˆ¶ç¥¨æ®.]]>
        <![CDATA[Test description: çŠ¶æ€ç æ˜¯201.]]>
        <![CDATA[Error message: expected response to have status code 201 but got 409.]]>
        <![CDATA[Stacktrace: AssertionError: expected response to have status code 201 but got 409
   at Object.eval sandbox-script.js:1:9).]]>
      </failure>
    </testcase>
    <testcase name="æ‰¹é‡ç”ŸæˆæˆåŠŸ" time="0.674" classname="Us012OtA2">
      <failure type="AssertionFailure" message="expected { code: 'SOLD_OUT', â€¦(1) } to have property 'batch_id'">
        <![CDATA[Failed 1 times.]]>
        <![CDATA[Collection JSON ID: b3395114-20f0-42dd-9739-64df842b83ec.]]>
        <![CDATA[Collection name: US-012: OTAå¹³å°å®Œæ•´é›†æˆæµ‹è¯•2.]]>
        <![CDATA[Request name: æµç¨‹äºŒ: é¢„åˆ¶ç¥¨æ®æ¿€æ´» â†’ ç”Ÿæˆè®¢å• / 2.1 æ‰¹é‡ç”Ÿæˆé¢„åˆ¶ç¥¨æ®.]]>
        <![CDATA[Test description: æ‰¹é‡ç”ŸæˆæˆåŠŸ.]]>
        <![CDATA[Error message: expected { code: 'SOLD_OUT', â€¦(1) } to have property 'batch_id'.]]>
        <![CDATA[Stacktrace: AssertionError: expected { code: 'SOLD_OUT', â€¦(1) } to have property 'batch_id'
   at Object.eval sandbox-script.js:2:9).]]>
      </failure>
    </testcase>
    <testcase name="ç¥¨æ®çŠ¶æ€ä¸ºPRE_GENERATED" time="0.674" classname="Us012OtA2">
      <failure type="AssertionFailure" message="Cannot read properties of undefined (reading '0')">
        <![CDATA[Failed 1 times.]]>
        <![CDATA[Collection JSON ID: b3395114-20f0-42dd-9739-64df842b83ec.]]>
        <![CDATA[Collection name: US-012: OTAå¹³å°å®Œæ•´é›†æˆæµ‹è¯•2.]]>
        <![CDATA[Request name: æµç¨‹äºŒ: é¢„åˆ¶ç¥¨æ®æ¿€æ´» â†’ ç”Ÿæˆè®¢å• / 2.1 æ‰¹é‡ç”Ÿæˆé¢„åˆ¶ç¥¨æ®.]]>
        <![CDATA[Test description: ç¥¨æ®çŠ¶æ€ä¸ºPRE_GENERATED.]]>
        <![CDATA[Error message: Cannot read properties of undefined (reading '0').]]>
        <![CDATA[Stacktrace: TypeError: Cannot read properties of undefined (reading '0')
   at Object.eval sandbox-script.js:3:9).]]>
      </failure>
    </testcase>
    <testcase name="ç¥¨æ®åŒ…å«QRç å’Œentitlements" time="0.674" classname="Us012OtA2">
      <failure type="AssertionFailure" message="Cannot read properties of undefined (reading '0')">
        <![CDATA[Failed 1 times.]]>
        <![CDATA[Collection JSON ID: b3395114-20f0-42dd-9739-64df842b83ec.]]>
        <![CDATA[Collection name: US-012: OTAå¹³å°å®Œæ•´é›†æˆæµ‹è¯•2.]]>
        <![CDATA[Request name: æµç¨‹äºŒ: é¢„åˆ¶ç¥¨æ®æ¿€æ´» â†’ ç”Ÿæˆè®¢å• / 2.1 æ‰¹é‡ç”Ÿæˆé¢„åˆ¶ç¥¨æ®.]]>
        <![CDATA[Test description: ç¥¨æ®åŒ…å«QRç å’Œentitlements.]]>
        <![CDATA[Error message: Cannot read properties of undefined (reading '0').]]>
        <![CDATA[Stacktrace: TypeError: Cannot read properties of undefined (reading '0')
   at Object.eval sandbox-script.js:4:9).]]>
      </failure>
    </testcase>
  </testsuite>
  <testsuite name="æµç¨‹äºŒ: é¢„åˆ¶ç¥¨æ®æ¿€æ´» â†’ ç”Ÿæˆè®¢å• / 2.2 æ¿€æ´»é¢„åˆ¶ç¥¨æ® â†’ ç”Ÿæˆè®¢å• â­" id="faa63b14-30ab-49b7-ba9d-c03726672b5f" timestamp="2025-11-25T07:43:06.815Z" tests="4" failures="4" errors="1" time="0.001">
    <system-err><![CDATA[Iteration: 0

---
testScriptError: Unexpected token '<' at 1:1
<!DOCTYPE html>
^
---
]]></system-err>
    <testcase name="çŠ¶æ€ç æ˜¯200" time="0.001" classname="Us012OtA2">
      <failure type="AssertionFailure" message="expected response to have status code 200 but got 404">
        <![CDATA[Failed 1 times.]]>
        <![CDATA[Collection JSON ID: b3395114-20f0-42dd-9739-64df842b83ec.]]>
        <![CDATA[Collection name: US-012: OTAå¹³å°å®Œæ•´é›†æˆæµ‹è¯•2.]]>
        <![CDATA[Request name: æµç¨‹äºŒ: é¢„åˆ¶ç¥¨æ®æ¿€æ´» â†’ ç”Ÿæˆè®¢å• / 2.2 æ¿€æ´»é¢„åˆ¶ç¥¨æ® â†’ ç”Ÿæˆè®¢å• â­.]]>
        <![CDATA[Test description: çŠ¶æ€ç æ˜¯200.]]>
        <![CDATA[Error message: expected response to have status code 200 but got 404.]]>
        <![CDATA[Stacktrace: AssertionError: expected response to have status code 200 but got 404
   at Object.eval sandbox-script.js:1:10).]]>
      </failure>
    </testcase>
    <testcase name="ç¥¨æ®æ¿€æ´»æˆåŠŸ" time="0.001" classname="Us012OtA2">
      <failure type="AssertionFailure" message="Unexpected token '&lt;' at 1:1&#xA;&lt;!DOCTYPE html>&#xA;^">
        <![CDATA[Failed 1 times.]]>
        <![CDATA[Collection JSON ID: b3395114-20f0-42dd-9739-64df842b83ec.]]>
        <![CDATA[Collection name: US-012: OTAå¹³å°å®Œæ•´é›†æˆæµ‹è¯•2.]]>
        <![CDATA[Request name: æµç¨‹äºŒ: é¢„åˆ¶ç¥¨æ®æ¿€æ´» â†’ ç”Ÿæˆè®¢å• / 2.2 æ¿€æ´»é¢„åˆ¶ç¥¨æ® â†’ ç”Ÿæˆè®¢å• â­.]]>
        <![CDATA[Test description: ç¥¨æ®æ¿€æ´»æˆåŠŸ.]]>
        <![CDATA[Error message: Unexpected token '<' at 1:1
<!DOCTYPE html>
^.]]>
        <![CDATA[Stacktrace: JSONError: Unexpected token '<' at 1:1
<!DOCTYPE html>
^
   at Object.eval sandbox-script.js:2:10).]]>
      </failure>
    </testcase>
    <testcase name="çŠ¶æ€è½¬æ¢ä¸ºACTIVE" time="0.001" classname="Us012OtA2">
      <failure type="AssertionFailure" message="Unexpected token '&lt;' at 1:1&#xA;&lt;!DOCTYPE html>&#xA;^">
        <![CDATA[Failed 1 times.]]>
        <![CDATA[Collection JSON ID: b3395114-20f0-42dd-9739-64df842b83ec.]]>
        <![CDATA[Collection name: US-012: OTAå¹³å°å®Œæ•´é›†æˆæµ‹è¯•2.]]>
        <![CDATA[Request name: æµç¨‹äºŒ: é¢„åˆ¶ç¥¨æ®æ¿€æ´» â†’ ç”Ÿæˆè®¢å• / 2.2 æ¿€æ´»é¢„åˆ¶ç¥¨æ® â†’ ç”Ÿæˆè®¢å• â­.]]>
        <![CDATA[Test description: çŠ¶æ€è½¬æ¢ä¸ºACTIVE.]]>
        <![CDATA[Error message: Unexpected token '<' at 1:1
<!DOCTYPE html>
^.]]>
        <![CDATA[Stacktrace: JSONError: Unexpected token '<' at 1:1
<!DOCTYPE html>
^
   at Object.eval sandbox-script.js:3:10).]]>
      </failure>
    </testcase>
    <testcase name="å®¢æˆ·ä¿¡æ¯å·²ç»‘å®š" time="0.001" classname="Us012OtA2">
      <failure type="AssertionFailure" message="Unexpected token '&lt;' at 1:1&#xA;&lt;!DOCTYPE html>&#xA;^">
        <![CDATA[Failed 1 times.]]>
        <![CDATA[Collection JSON ID: b3395114-20f0-42dd-9739-64df842b83ec.]]>
        <![CDATA[Collection name: US-012: OTAå¹³å°å®Œæ•´é›†æˆæµ‹è¯•2.]]>
        <![CDATA[Request name: æµç¨‹äºŒ: é¢„åˆ¶ç¥¨æ®æ¿€æ´» â†’ ç”Ÿæˆè®¢å• / 2.2 æ¿€æ´»é¢„åˆ¶ç¥¨æ® â†’ ç”Ÿæˆè®¢å• â­.]]>
        <![CDATA[Test description: å®¢æˆ·ä¿¡æ¯å·²ç»‘å®š.]]>
        <![CDATA[Error message: Unexpected token '<' at 1:1
<!DOCTYPE html>
^.]]>
        <![CDATA[Stacktrace: JSONError: Unexpected token '<' at 1:1
<!DOCTYPE html>
^
   at Object.eval sandbox-script.js:4:10).]]>
      </failure>
    </testcase>
  </testsuite>
  <testsuite name="æµç¨‹äºŒ: é¢„åˆ¶ç¥¨æ®æ¿€æ´» â†’ ç”Ÿæˆè®¢å• / 2.3 éªŒè¯è®¢å•å·²åˆ›å»º" id="f1322ae0-4ef4-4761-8e83-34d7e282231b" timestamp="2025-11-25T07:43:06.815Z" tests="2" failures="2" errors="0" time="0.001">
    <testcase name="çŠ¶æ€ç æ˜¯200" time="0.001" classname="Us012OtA2">
      <failure type="AssertionFailure" message="expected response to have status code 200 but got 404">
        <![CDATA[Failed 1 times.]]>
        <![CDATA[Collection JSON ID: b3395114-20f0-42dd-9739-64df842b83ec.]]>
        <![CDATA[Collection name: US-012: OTAå¹³å°å®Œæ•´é›†æˆæµ‹è¯•2.]]>
        <![CDATA[Request name: æµç¨‹äºŒ: é¢„åˆ¶ç¥¨æ®æ¿€æ´» â†’ ç”Ÿæˆè®¢å• / 2.3 éªŒè¯è®¢å•å·²åˆ›å»º.]]>
        <![CDATA[Test description: çŠ¶æ€ç æ˜¯200.]]>
        <![CDATA[Error message: expected response to have status code 200 but got 404.]]>
        <![CDATA[Stacktrace: AssertionError: expected response to have status code 200 but got 404
   at Object.eval sandbox-script.js:1:11).]]>
      </failure>
    </testcase>
    <testcase name="è®¢å•ç¥¨æ®æŸ¥è¯¢æˆåŠŸ" time="0.001" classname="Us012OtA2">
      <failure type="AssertionFailure" message="Unexpected token '&lt;' at 1:1&#xA;&lt;!DOCTYPE html>&#xA;^">
        <![CDATA[Failed 1 times.]]>
        <![CDATA[Collection JSON ID: b3395114-20f0-42dd-9739-64df842b83ec.]]>
        <![CDATA[Collection name: US-012: OTAå¹³å°å®Œæ•´é›†æˆæµ‹è¯•2.]]>
        <![CDATA[Request name: æµç¨‹äºŒ: é¢„åˆ¶ç¥¨æ®æ¿€æ´» â†’ ç”Ÿæˆè®¢å• / 2.3 éªŒè¯è®¢å•å·²åˆ›å»º.]]>
        <![CDATA[Test description: è®¢å•ç¥¨æ®æŸ¥è¯¢æˆåŠŸ.]]>
        <![CDATA[Error message: Unexpected token '<' at 1:1
<!DOCTYPE html>
^.]]>
        <![CDATA[Stacktrace: JSONError: Unexpected token '<' at 1:1
<!DOCTYPE html>
^
   at Object.eval sandbox-script.js:2:11).]]>
      </failure>
    </testcase>
  </testsuite>
  <testsuite name="æµç¨‹ä¸‰: ç¥¨åˆ¸åˆ—è¡¨æŸ¥è¯¢æµ‹è¯• ðŸ” / å‡†å¤‡: ç”Ÿæˆæµ‹è¯•ç¥¨åˆ¸æ‰¹æ¬¡A" id="8a2167f9-f4af-4ecd-99f9-f62cf881e023" timestamp="2025-11-25T07:43:06.815Z" tests="1" failures="1" errors="0" time="0.669">
    <testcase name="ç¥¨åˆ¸ç”ŸæˆæˆåŠŸ" time="0.669" classname="Us012OtA2">
      <failure type="AssertionFailure" message="expected response to have status code 201 but got 409">
        <![CDATA[Failed 1 times.]]>
        <![CDATA[Collection JSON ID: b3395114-20f0-42dd-9739-64df842b83ec.]]>
        <![CDATA[Collection name: US-012: OTAå¹³å°å®Œæ•´é›†æˆæµ‹è¯•2.]]>
        <![CDATA[Request name: æµç¨‹ä¸‰: ç¥¨åˆ¸åˆ—è¡¨æŸ¥è¯¢æµ‹è¯• ðŸ” / å‡†å¤‡: ç”Ÿæˆæµ‹è¯•ç¥¨åˆ¸æ‰¹æ¬¡A.]]>
        <![CDATA[Test description: ç¥¨åˆ¸ç”ŸæˆæˆåŠŸ.]]>
        <![CDATA[Error message: expected response to have status code 201 but got 409.]]>
        <![CDATA[Stacktrace: AssertionError: expected response to have status code 201 but got 409
   at Object.eval sandbox-script.js:1:12).]]>
      </failure>
    </testcase>
  </testsuite>
  <testsuite name="æµç¨‹ä¸‰: ç¥¨åˆ¸åˆ—è¡¨æŸ¥è¯¢æµ‹è¯• ðŸ” / å‡†å¤‡: ç”Ÿæˆæµ‹è¯•ç¥¨åˆ¸æ‰¹æ¬¡B" id="bb1ff506-9e86-477c-b982-64e460a3b177" timestamp="2025-11-25T07:43:06.815Z" tests="1" failures="0" errors="0" time="6.895">
    <testcase name="ç¥¨åˆ¸ç”ŸæˆæˆåŠŸ" time="6.895" classname="Us012OtA2"/>
  </testsuite>
  <testsuite name="æµç¨‹ä¸‰: ç¥¨åˆ¸åˆ—è¡¨æŸ¥è¯¢æµ‹è¯• ðŸ” / 3.1 æŸ¥è¯¢æ‰€æœ‰ç¥¨åˆ¸ âœ…" id="6619c122-220d-4376-a4f2-bb81ff579a6a" timestamp="2025-11-25T07:43:06.815Z" tests="3" failures="0" errors="0" time="2.110">
    <testcase name="çŠ¶æ€ç æ˜¯200" time="2.110" classname="Us012OtA2"/>
    <testcase name="è¿”å›žç¥¨åˆ¸åˆ—è¡¨" time="2.110" classname="Us012OtA2"/>
    <testcase name="ç¥¨åˆ¸åŒ…å«å®Œæ•´å­—æ®µ" time="2.110" classname="Us012OtA2"/>
  </testsuite>
  <testsuite name="æµç¨‹ä¸‰: ç¥¨åˆ¸åˆ—è¡¨æŸ¥è¯¢æµ‹è¯• ðŸ” / 3.2 æŒ‰çŠ¶æ€è¿‡æ»¤ - PRE_GENERATED âœ…" id="6f285a73-e2cd-4698-ba2e-1c607d18a677" timestamp="2025-11-25T07:43:06.815Z" tests="2" failures="0" errors="0" time="2.195">
    <testcase name="çŠ¶æ€ç æ˜¯200" time="2.195" classname="Us012OtA2"/>
    <testcase name="åªè¿”å›žPRE_GENERATEDçŠ¶æ€çš„ç¥¨åˆ¸" time="2.195" classname="Us012OtA2"/>
  </testsuite>
  <testsuite name="æµç¨‹ä¸‰: ç¥¨åˆ¸åˆ—è¡¨æŸ¥è¯¢æµ‹è¯• ðŸ” / å‡†å¤‡: æ¿€æ´»ä¸€å¼ ç¥¨åˆ¸" id="f1e80c8d-32f7-46a3-a0c1-e8c516abcd84" timestamp="2025-11-25T07:43:06.815Z" tests="1" failures="1" errors="0" time="0.002">
    <testcase name="æ¿€æ´»æˆåŠŸ" time="0.002" classname="Us012OtA2">
      <failure type="AssertionFailure" message="expected response to have status code 200 but got 400">
        <![CDATA[Failed 1 times.]]>
        <![CDATA[Collection JSON ID: b3395114-20f0-42dd-9739-64df842b83ec.]]>
        <![CDATA[Collection name: US-012: OTAå¹³å°å®Œæ•´é›†æˆæµ‹è¯•2.]]>
        <![CDATA[Request name: æµç¨‹ä¸‰: ç¥¨åˆ¸åˆ—è¡¨æŸ¥è¯¢æµ‹è¯• ðŸ” / å‡†å¤‡: æ¿€æ´»ä¸€å¼ ç¥¨åˆ¸.]]>
        <![CDATA[Test description: æ¿€æ´»æˆåŠŸ.]]>
        <![CDATA[Error message: expected response to have status code 200 but got 400.]]>
        <![CDATA[Stacktrace: AssertionError: expected response to have status code 200 but got 400
   at Object.eval sandbox-script.js:1:16).]]>
      </failure>
    </testcase>
  </testsuite>
  <testsuite name="æµç¨‹ä¸‰: ç¥¨åˆ¸åˆ—è¡¨æŸ¥è¯¢æµ‹è¯• ðŸ” / 3.3 æŒ‰çŠ¶æ€è¿‡æ»¤ - ACTIVE âœ…" id="9875019e-53ca-4cb5-bf71-19e28cefa0c3" timestamp="2025-11-25T07:43:06.815Z" tests="2" failures="0" errors="0" time="1.150">
    <testcase name="çŠ¶æ€ç æ˜¯200" time="1.150" classname="Us012OtA2"/>
    <testcase name="åªè¿”å›žACTIVEçŠ¶æ€çš„ç¥¨åˆ¸" time="1.150" classname="Us012OtA2"/>
  </testsuite>
  <testsuite name="æµç¨‹ä¸‰: ç¥¨åˆ¸åˆ—è¡¨æŸ¥è¯¢æµ‹è¯• ðŸ” / 3.4 åˆ†é¡µæµ‹è¯• - ç¬¬1é¡µ âœ…" id="33746b76-fbfb-4375-bafd-58e203bc1ed1" timestamp="2025-11-25T07:43:06.815Z" tests="2" failures="0" errors="0" time="0.665">
    <testcase name="çŠ¶æ€ç æ˜¯200" time="0.665" classname="Us012OtA2"/>
    <testcase name="è¿”å›žæ­£ç¡®çš„åˆ†é¡µä¿¡æ¯" time="0.665" classname="Us012OtA2"/>
  </testsuite>
  <testsuite name="æµç¨‹ä¸‰: ç¥¨åˆ¸åˆ—è¡¨æŸ¥è¯¢æµ‹è¯• ðŸ” / 3.5 åˆ†é¡µæµ‹è¯• - ç¬¬2é¡µ âœ…" id="9397eca1-6e59-4c84-a3f9-fa808dffbcec" timestamp="2025-11-25T07:43:06.815Z" tests="2" failures="0" errors="0" time="0.734">
    <testcase name="çŠ¶æ€ç æ˜¯200" time="0.734" classname="Us012OtA2"/>
    <testcase name="è¿”å›žæ­£ç¡®çš„åˆ†é¡µä¿¡æ¯" time="0.734" classname="Us012OtA2"/>
  </testsuite>
  <testsuite name="æµç¨‹ä¸‰: ç¥¨åˆ¸åˆ—è¡¨æŸ¥è¯¢æµ‹è¯• ðŸ” / 3.6 æŒ‰æ—¶é—´èŒƒå›´è¿‡æ»¤ âœ…" id="9939ba1f-d209-483a-af87-1446900e512c" timestamp="2025-11-25T07:43:06.815Z" tests="2" failures="0" errors="0" time="1.181">
    <testcase name="çŠ¶æ€ç æ˜¯200" time="1.181" classname="Us012OtA2"/>
    <testcase name="è¿”å›žçš„ç¥¨åˆ¸éƒ½åœ¨æ—¶é—´èŒƒå›´å†…" time="1.181" classname="Us012OtA2"/>
  </testsuite>
  <testsuite name="æµç¨‹ä¸‰: ç¥¨åˆ¸åˆ—è¡¨æŸ¥è¯¢æµ‹è¯• ðŸ” / 3.7 ç»„åˆè¿‡æ»¤ - çŠ¶æ€+åˆ†é¡µ âœ…" id="14b93b8d-9e70-454a-848e-0aa0b5ac1ae3" timestamp="2025-11-25T07:43:06.815Z" tests="2" failures="0" errors="0" time="0.678">
    <testcase name="çŠ¶æ€ç æ˜¯200" time="0.678" classname="Us012OtA2"/>
    <testcase name="ç»„åˆè¿‡æ»¤ç”Ÿæ•ˆ" time="0.678" classname="Us012OtA2"/>
  </testsuite>
  <testsuite name="æµç¨‹ä¸‰: ç¥¨åˆ¸åˆ—è¡¨æŸ¥è¯¢æµ‹è¯• ðŸ” / 3.8 é”™è¯¯æµ‹è¯• - æ— æ•ˆåˆ†é¡µå‚æ•° âŒ" id="95988871-73e1-42ee-aa59-440426d043f1" timestamp="2025-11-25T07:43:06.815Z" tests="2" failures="0" errors="0" time="0.001">
    <testcase name="è¿”å›ž422éªŒè¯é”™è¯¯" time="0.001" classname="Us012OtA2"/>
    <testcase name="é”™è¯¯ä¿¡æ¯æ­£ç¡®" time="0.001" classname="Us012OtA2"/>
  </testsuite>
  <testsuite name="æµç¨‹å››: çŠ¶æ€è½¬æ¢å’Œé”™è¯¯å¤„ç†éªŒè¯ / å‡†å¤‡: ç”Ÿæˆæµ‹è¯•ç¥¨æ®" id="5a6c8fc1-f5ad-4c52-a801-6ef61241f11c" timestamp="2025-11-25T07:43:06.815Z" tests="1" failures="0" errors="0" time="5.471">
    <testcase name="ç¥¨æ®ç”ŸæˆæˆåŠŸ" time="5.471" classname="Us012OtA2"/>
  </testsuite>
  <testsuite name="æµç¨‹å››: çŠ¶æ€è½¬æ¢å’Œé”™è¯¯å¤„ç†éªŒè¯ / å‡†å¤‡: æ¿€æ´»æµ‹è¯•ç¥¨æ®" id="55e0d32c-744e-4d10-97ea-a4c20a82ff24" timestamp="2025-11-25T07:43:06.815Z" tests="1" failures="1" errors="0" time="0.001">
    <testcase name="æ¿€æ´»æˆåŠŸ" time="0.001" classname="Us012OtA2">
      <failure type="AssertionFailure" message="expected response to have status code 200 but got 400">
        <![CDATA[Failed 1 times.]]>
        <![CDATA[Collection JSON ID: b3395114-20f0-42dd-9739-64df842b83ec.]]>
        <![CDATA[Collection name: US-012: OTAå¹³å°å®Œæ•´é›†æˆæµ‹è¯•2.]]>
        <![CDATA[Request name: æµç¨‹å››: çŠ¶æ€è½¬æ¢å’Œé”™è¯¯å¤„ç†éªŒè¯ / å‡†å¤‡: æ¿€æ´»æµ‹è¯•ç¥¨æ®.]]>
        <![CDATA[Test description: æ¿€æ´»æˆåŠŸ.]]>
        <![CDATA[Error message: expected response to have status code 200 but got 400.]]>
        <![CDATA[Stacktrace: AssertionError: expected response to have status code 200 but got 400
   at Object.eval sandbox-script.js:1:24).]]>
      </failure>
    </testcase>
  </testsuite>
  <testsuite name="æµç¨‹å››: çŠ¶æ€è½¬æ¢å’Œé”™è¯¯å¤„ç†éªŒè¯ / 3.1 æµ‹è¯•é‡å¤æ¿€æ´»ä¿æŠ¤ âŒ" id="23eb435e-61f1-4688-8bf3-d4cdcb121e65" timestamp="2025-11-25T07:43:06.815Z" tests="2" failures="2" errors="0" time="0.001">
    <testcase name="è¿”å›ž409å†²çªé”™è¯¯" time="0.001" classname="Us012OtA2">
      <failure type="AssertionFailure" message="expected response to have status code 409 but got 400">
        <![CDATA[Failed 1 times.]]>
        <![CDATA[Collection JSON ID: b3395114-20f0-42dd-9739-64df842b83ec.]]>
        <![CDATA[Collection name: US-012: OTAå¹³å°å®Œæ•´é›†æˆæµ‹è¯•2.]]>
        <![CDATA[Request name: æµç¨‹å››: çŠ¶æ€è½¬æ¢å’Œé”™è¯¯å¤„ç†éªŒè¯ / 3.1 æµ‹è¯•é‡å¤æ¿€æ´»ä¿æŠ¤ âŒ.]]>
        <![CDATA[Test description: è¿”å›ž409å†²çªé”™è¯¯.]]>
        <![CDATA[Error message: expected response to have status code 409 but got 400.]]>
        <![CDATA[Stacktrace: AssertionError: expected response to have status code 409 but got 400
   at Object.eval sandbox-script.js:1:25).]]>
      </failure>
    </testcase>
    <testcase name="é”™è¯¯ä¿¡æ¯æ­£ç¡®" time="0.001" classname="Us012OtA2">
      <failure type="AssertionFailure" message="expected 'INVALID_REQUEST' to deeply equal 'TICKET_ALREADY_ACTIVATED'">
        <![CDATA[Failed 1 times.]]>
        <![CDATA[Collection JSON ID: b3395114-20f0-42dd-9739-64df842b83ec.]]>
        <![CDATA[Collection name: US-012: OTAå¹³å°å®Œæ•´é›†æˆæµ‹è¯•2.]]>
        <![CDATA[Request name: æµç¨‹å››: çŠ¶æ€è½¬æ¢å’Œé”™è¯¯å¤„ç†éªŒè¯ / 3.1 æµ‹è¯•é‡å¤æ¿€æ´»ä¿æŠ¤ âŒ.]]>
        <![CDATA[Test description: é”™è¯¯ä¿¡æ¯æ­£ç¡®.]]>
        <![CDATA[Error message: expected 'INVALID_REQUEST' to deeply equal 'TICKET_ALREADY_ACTIVATED'.]]>
        <![CDATA[Stacktrace: AssertionError: expected 'INVALID_REQUEST' to deeply equal 'TICKET_ALREADY_ACTIVATED'
   at Object.eval sandbox-script.js:2:25).]]>
      </failure>
    </testcase>
  </testsuite>
  <testsuite name="æµç¨‹å››: çŠ¶æ€è½¬æ¢å’Œé”™è¯¯å¤„ç†éªŒè¯ / 3.2 æµ‹è¯•æ— æ•ˆç¥¨æ®ç  âŒ" id="52b25a34-2a8b-4b3e-b5fa-e5eeab93d8ee" timestamp="2025-11-25T07:43:06.815Z" tests="2" failures="2" errors="0" time="0.001">
    <testcase name="è¿”å›ž404é”™è¯¯" time="0.001" classname="Us012OtA2">
      <failure type="AssertionFailure" message="expected response to have status code 404 but got 400">
        <![CDATA[Failed 1 times.]]>
        <![CDATA[Collection JSON ID: b3395114-20f0-42dd-9739-64df842b83ec.]]>
        <![CDATA[Collection name: US-012: OTAå¹³å°å®Œæ•´é›†æˆæµ‹è¯•2.]]>
        <![CDATA[Request name: æµç¨‹å››: çŠ¶æ€è½¬æ¢å’Œé”™è¯¯å¤„ç†éªŒè¯ / 3.2 æµ‹è¯•æ— æ•ˆç¥¨æ®ç  âŒ.]]>
        <![CDATA[Test description: è¿”å›ž404é”™è¯¯.]]>
        <![CDATA[Error message: expected response to have status code 404 but got 400.]]>
        <![CDATA[Stacktrace: AssertionError: expected response to have status code 404 but got 400
   at Object.eval sandbox-script.js:1:26).]]>
      </failure>
    </testcase>
    <testcase name="é”™è¯¯ä¿¡æ¯æ­£ç¡®" time="0.001" classname="Us012OtA2">
      <failure type="AssertionFailure" message="expected 'INVALID_REQUEST' to deeply equal 'TICKET_NOT_FOUND'">
        <![CDATA[Failed 1 times.]]>
        <![CDATA[Collection JSON ID: b3395114-20f0-42dd-9739-64df842b83ec.]]>
        <![CDATA[Collection name: US-012: OTAå¹³å°å®Œæ•´é›†æˆæµ‹è¯•2.]]>
        <![CDATA[Request name: æµç¨‹å››: çŠ¶æ€è½¬æ¢å’Œé”™è¯¯å¤„ç†éªŒè¯ / 3.2 æµ‹è¯•æ— æ•ˆç¥¨æ®ç  âŒ.]]>
        <![CDATA[Test description: é”™è¯¯ä¿¡æ¯æ­£ç¡®.]]>
        <![CDATA[Error message: expected 'INVALID_REQUEST' to deeply equal 'TICKET_NOT_FOUND'.]]>
        <![CDATA[Stacktrace: AssertionError: expected 'INVALID_REQUEST' to deeply equal 'TICKET_NOT_FOUND'
   at Object.eval sandbox-script.js:2:26).]]>
      </failure>
    </testcase>
  </testsuite>
  <testsuite name="æµç¨‹å››: çŠ¶æ€è½¬æ¢å’Œé”™è¯¯å¤„ç†éªŒè¯ / 3.3 åˆ›å»ºé¢„è®¢ç”¨äºŽå–æ¶ˆæµ‹è¯•" id="a7aa87a8-f502-49ab-b635-f1c003ac25ef" timestamp="2025-11-25T07:43:06.815Z" tests="1" failures="1" errors="0" time="1.669">
    <testcase name="é¢„è®¢åˆ›å»ºæˆåŠŸ" time="1.669" classname="Us012OtA2">
      <failure type="AssertionFailure" message="expected response to have status code 201 but got 500">
        <![CDATA[Failed 1 times.]]>
        <![CDATA[Collection JSON ID: b3395114-20f0-42dd-9739-64df842b83ec.]]>
        <![CDATA[Collection name: US-012: OTAå¹³å°å®Œæ•´é›†æˆæµ‹è¯•2.]]>
        <![CDATA[Request name: æµç¨‹å››: çŠ¶æ€è½¬æ¢å’Œé”™è¯¯å¤„ç†éªŒè¯ / 3.3 åˆ›å»ºé¢„è®¢ç”¨äºŽå–æ¶ˆæµ‹è¯•.]]>
        <![CDATA[Test description: é¢„è®¢åˆ›å»ºæˆåŠŸ.]]>
        <![CDATA[Error message: expected response to have status code 201 but got 500.]]>
        <![CDATA[Stacktrace: AssertionError: expected response to have status code 201 but got 500
   at Object.eval sandbox-script.js:1:27).]]>
      </failure>
    </testcase>
  </testsuite>
  <testsuite name="æµç¨‹å››: çŠ¶æ€è½¬æ¢å’Œé”™è¯¯å¤„ç†éªŒè¯ / 3.4 å–æ¶ˆé¢„è®¢" id="00803caa-28e0-431c-84df-6a3376128331" timestamp="2025-11-25T07:43:06.815Z" tests="1" failures="1" errors="0" time="0.002">
    <testcase name="è¿”å›ž204 No Content" time="0.002" classname="Us012OtA2">
      <failure type="AssertionFailure" message="expected response to have status code 204 but got 404">
        <![CDATA[Failed 1 times.]]>
        <![CDATA[Collection JSON ID: b3395114-20f0-42dd-9739-64df842b83ec.]]>
        <![CDATA[Collection name: US-012: OTAå¹³å°å®Œæ•´é›†æˆæµ‹è¯•2.]]>
        <![CDATA[Request name: æµç¨‹å››: çŠ¶æ€è½¬æ¢å’Œé”™è¯¯å¤„ç†éªŒè¯ / 3.4 å–æ¶ˆé¢„è®¢.]]>
        <![CDATA[Test description: è¿”å›ž204 No Content.]]>
        <![CDATA[Error message: expected response to have status code 204 but got 404.]]>
        <![CDATA[Stacktrace: AssertionError: expected response to have status code 204 but got 404
   at Object.eval sandbox-script.js:1:28).]]>
      </failure>
    </testcase>
  </testsuite>
  <testsuite name="æµç¨‹å››: çŠ¶æ€è½¬æ¢å’Œé”™è¯¯å¤„ç†éªŒè¯ / 3.5 æµ‹è¯•æ— æ•ˆAPI Key âŒ" id="d23b13d8-e3d9-4eaa-ad1d-23e40c651efb" timestamp="2025-11-25T07:43:06.815Z" tests="2" failures="0" errors="0" time="0.001">
    <testcase name="è¿”å›ž401æœªæŽˆæƒ" time="0.001" classname="Us012OtA2"/>
    <testcase name="é”™è¯¯ä¿¡æ¯æ­£ç¡®" time="0.001" classname="Us012OtA2"/>
  </testsuite>
  <testsuite name="æµç¨‹å››: çŠ¶æ€è½¬æ¢å’Œé”™è¯¯å¤„ç†éªŒè¯ / 3.6 æµ‹è¯•è¶…é‡é¢„è®¢ âŒ" id="39c96651-591a-45a0-baba-47f5619c2f04" timestamp="2025-11-25T07:43:06.815Z" tests="2" failures="1" errors="0" time="0.001">
    <testcase name="è¿”å›ž422éªŒè¯é”™è¯¯" time="0.001" classname="Us012OtA2"/>
    <testcase name="é”™è¯¯ä¿¡æ¯æ­£ç¡®" time="0.001" classname="Us012OtA2">
      <failure type="AssertionFailure" message="expected { code: 'VALIDATION_ERROR', â€¦(1) } to have property 'error'">
        <![CDATA[Failed 1 times.]]>
        <![CDATA[Collection JSON ID: b3395114-20f0-42dd-9739-64df842b83ec.]]>
        <![CDATA[Collection name: US-012: OTAå¹³å°å®Œæ•´é›†æˆæµ‹è¯•2.]]>
        <![CDATA[Request name: æµç¨‹å››: çŠ¶æ€è½¬æ¢å’Œé”™è¯¯å¤„ç†éªŒè¯ / 3.6 æµ‹è¯•è¶…é‡é¢„è®¢ âŒ.]]>
        <![CDATA[Test description: é”™è¯¯ä¿¡æ¯æ­£ç¡®.]]>
        <![CDATA[Error message: expected { code: 'VALIDATION_ERROR', â€¦(1) } to have property 'error'.]]>
        <![CDATA[Stacktrace: AssertionError: expected { code: 'VALIDATION_ERROR', â€¦(1) } to have property 'error'
   at Object.eval sandbox-script.js:2:30).]]>
      </failure>
    </testcase>
  </testsuite>
</testsuites>